  Using 'git status' to determine working set for adaptive non-unity build (B:\Develope\Sourcetree\LostDark).
  Compiling game modules for hot reload
  Building 3 actions with 6 processes...
    [1/3] LostDarkCharacter.cpp
B:\Develope\Sourcetree\LostDark\LostDark\Source\LostDark\SH\LostDarkCharacter.cpp(118): error C3688: 잘못된 리터럴 접두사 'Formatting'입니다. 리터럴 연산자 또는 리터럴 연산자 템플릿 '연산자 ""Formatting'을(를) 찾을 수 없습니다.
B:\Develope\Sourcetree\LostDark\LostDark\Source\LostDark\SH\LostDarkCharacter.cpp(118): error C2146: 구문 오류: ')'이(가) 'string' 식별자 앞에 없습니다.
B:\Develope\Sourcetree\LostDark\LostDark\Source\LostDark\SH\LostDarkCharacter.cpp(118): error C2146: 구문 오류: '>'이(가) 'must' 식별자 앞에 없습니다.
B:\Develope\Sourcetree\LostDark\LostDark\Source\LostDark\SH\LostDarkCharacter.cpp(118): error C2018: '0xbe' 문자를 인식할 수 없습니다.
B:\Develope\Sourcetree\LostDark\LostDark\Source\LostDark\SH\LostDarkCharacter.cpp(118): error C2018: '0xc0' 문자를 인식할 수 없습니다.
B:\Develope\Sourcetree\LostDark\LostDark\Source\LostDark\SH\LostDarkCharacter.cpp(118): error C2018: '0xba' 문자를 인식할 수 없습니다.
B:\Develope\Sourcetree\LostDark\LostDark\Source\LostDark\SH\LostDarkCharacter.cpp(118): error C2018: '0xcf' 문자를 인식할 수 없습니다.
B:\Develope\Sourcetree\LostDark\LostDark\Source\LostDark\SH\LostDarkCharacter.cpp(118): error C2018: '0xbd' 문자를 인식할 수 없습니다.
B:\Develope\Sourcetree\LostDark\LostDark\Source\LostDark\SH\LostDarkCharacter.cpp(118): error C2018: '0xb8' 문자를 인식할 수 없습니다.
B:\Develope\Sourcetree\LostDark\LostDark\Source\LostDark\SH\LostDarkCharacter.cpp(118): error C2018: '0xa6' 문자를 인식할 수 없습니다.
B:\Develope\Sourcetree\LostDark\LostDark\Source\LostDark\SH\LostDarkCharacter.cpp(118): error C2018: '0xb0' 문자를 인식할 수 없습니다.
B:\Develope\Sourcetree\LostDark\LostDark\Source\LostDark\SH\LostDarkCharacter.cpp(118): error C2018: '0xa1' 문자를 인식할 수 없습니다.
B:\Develope\Sourcetree\LostDark\LostDark\Source\LostDark\SH\LostDarkCharacter.cpp(118): error C2018: '0xbf' 문자를 인식할 수 없습니다.
B:\Develope\Sourcetree\LostDark\LostDark\Source\LostDark\SH\LostDarkCharacter.cpp(118): error C2018: '0xc1' 문자를 인식할 수 없습니다.
B:\Develope\Sourcetree\LostDark\LostDark\Source\LostDark\SH\LostDarkCharacter.cpp(118): error C2018: '0x20' 문자를 인식할 수 없습니다.
B:\Develope\Sourcetree\LostDark\LostDark\Source\LostDark\SH\LostDarkCharacter.cpp(118): error C2018: '0xf8' 문자를 인식할 수 없습니다.
B:\Develope\Sourcetree\LostDark\LostDark\Source\LostDark\SH\LostDarkCharacter.cpp(118): error C2018: '0xdf' 문자를 인식할 수 없습니다.
B:\Develope\Sourcetree\LostDark\LostDark\Source\LostDark\SH\LostDarkCharacter.cpp(118): error C2018: '0x22' 문자를 인식할 수 없습니다.
B:\Develope\Sourcetree\LostDark\LostDark\Source\LostDark\SH\LostDarkCharacter.cpp(118): error C2143: 구문 오류: ';'이(가) '}' 앞에 없습니다.
B:\Develope\Sourcetree\LostDark\LostDark\Source\LostDark\SH\LostDarkCharacter.cpp(119): error C2143: 구문 오류: ';'이(가) '}' 앞에 없습니다.
B:\Develope\Sourcetree\LostDark\LostDark\Source\LostDark\SH\LostDarkCharacter.cpp(121): error C2059: 구문 오류: ')'
B:\Develope\Sourcetree\LostDark\LostDark\Source\LostDark\SH\LostDarkCharacter.cpp(122): error C2143: 구문 오류: ';'이(가) '}' 앞에 없습니다.
B:\Develope\Sourcetree\LostDark\LostDark\Source\LostDark\SH\LostDarkCharacter.cpp(126): error C2143: 구문 오류: ';'이(가) '{' 앞에 없습니다.
B:\Develope\Sourcetree\LostDark\LostDark\Source\LostDark\SH\LostDarkCharacter.cpp(130): error C2059: 구문 오류: ')'
B:\Develope\Sourcetree\LostDark\LostDark\Source\LostDark\SH\LostDarkCharacter.cpp(133): error C2059: 구문 오류: ')'
B:\Develope\Sourcetree\LostDark\LostDark\Source\LostDark\SH\LostDarkCharacter.cpp(136): error C2059: 구문 오류: ')'
B:\Develope\Sourcetree\LostDark\LostDark\Source\LostDark\SH\LostDarkCharacter.cpp(146): error C2059: 구문 오류: ')'
B:\Develope\Sourcetree\LostDark\LostDark\Source\LostDark\SH\LostDarkCharacter.cpp(148): error C2059: 구문 오류: ')'
B:\Develope\Sourcetree\LostDark\LostDark\Source\LostDark\SH\LostDarkCharacter.cpp(152): error C2059: 구문 오류: ')'
B:\Develope\Sourcetree\LostDark\LostDark\Source\LostDark\SH\LostDarkCharacter.cpp(154): error C2059: 구문 오류: ')'
B:\Develope\Sourcetree\LostDark\LostDark\Source\LostDark\SH\LostDarkCharacter.cpp(156): error C2143: 구문 오류: ';'이(가) '}' 앞에 없습니다.
B:\Develope\Sourcetree\LostDark\LostDark\Source\LostDark\SH\LostDarkCharacter.cpp(160): error C2143: 구문 오류: ';'이(가) '{' 앞에 없습니다.
B:\Develope\Sourcetree\LostDark\LostDark\Source\LostDark\SH\LostDarkCharacter.cpp(162): error C2143: 구문 오류: ';'이(가) '{' 앞에 없습니다.
B:\Develope\Sourcetree\LostDark\LostDark\Source\LostDark\SH\LostDarkCharacter.cpp(162): error C2947: template-argument-list을(를) 끝내려면 '>' 기호가 있어야 하는데 '<'이(가) 있습니다.
B:\Develope\Sourcetree\LostDark\LostDark\Source\LostDark\SH\LostDarkCharacter.cpp(162): error C2062: 예기치 않은 'unknown-type' 형식입니다.
B:\Develope\Sourcetree\LostDark\LostDark\Source\LostDark\SH\LostDarkCharacter.cpp(179): error C2601: 'ALostDarkCharacter::OnAttackMontageEnded': 지역 함수 정의가 잘못되었습니다.
B:\Develope\Sourcetree\LostDark\LostDark\Source\LostDark\SH\LostDarkCharacter.cpp(186): error C2601: 'ALostDarkCharacter::ViewChange': 지역 함수 정의가 잘못되었습니다.
B:\Develope\Sourcetree\LostDark\LostDark\Source\LostDark\SH\LostDarkCharacter.cpp(206): error C2601: 'ALostDarkCharacter::SetControlMode': 지역 함수 정의가 잘못되었습니다.
B:\Develope\Sourcetree\LostDark\LostDark\Source\LostDark\SH\LostDarkCharacter.cpp(271): error C2601: 'ALostDarkCharacter::MoveForward': 지역 함수 정의가 잘못되었습니다.
B:\Develope\Sourcetree\LostDark\LostDark\Source\LostDark\SH\LostDarkCharacter.cpp(291): error C2601: 'ALostDarkCharacter::MoveRight': 지역 함수 정의가 잘못되었습니다.
B:\Develope\Sourcetree\LostDark\LostDark\Source\LostDark\SH\LostDarkCharacter.cpp(318): fatal error C1004: 예기치 않은 파일의 끝이 나타났습니다.
UnrealBuildTool : error : UBT ERROR: Failed to produce item: B:\Develope\Sourcetree\LostDark\LostDark\Binaries\Win64\UE4Editor-LostDark-9624.dll
                          (see ../Programs/UnrealBuildTool/Log.txt for full exception trace)
  Total build time: 4.20 seconds (Parallel executor: 0.00 seconds)
C:\Program Files (x86)\Microsoft Visual Studio\2017\Community\Common7\IDE\VC\VCTargets\Microsoft.MakeFile.Targets(44,5): error MSB3075: ""C:\Program Files\Epic Games\UE_4.21\Engine\Build\BatchFiles\Build.bat" LostDarkEditor Win64 Development "B:\Develope\Sourcetree\LostDark\LostDark\LostDark.uproject" -WaitMutex -FromMsBuild" 명령이 종료되었습니다(코드: 5). 이 명령을 실행할 권한이 있는지 확인하세요.
